#
# There is insufficient memory for the Java Runtime Environment to continue.
# Native memory allocation (mmap) failed to map 257949696 bytes for G1 virtual space
# Possible reasons:
#   The system is out of physical RAM or swap space
#   The process is running with CompressedOops enabled, and the Java Heap may be blocking the growth of the native heap
# Possible solutions:
#   Reduce memory load on the system
#   Increase physical memory or swap space
#   Check if swap backing store is full
#   Decrease Java heap size (-Xmx/-Xms)
#   Decrease number of Java threads
#   Decrease Java thread stack sizes (-Xss)
#   Set larger code cache with -XX:ReservedCodeCacheSize=
#   JVM is running with Zero Based Compressed Oops mode in which the Java heap is
#     placed in the first 32GB address space. The Java Heap base address is the
#     maximum limit for the native heap growth. Please use -XX:HeapBaseMinAddress
#     to set the Java Heap base and to place the Java Heap above 32GB virtual address.
# This output file may be truncated or incomplete.
#
#  Out of Memory Error (os_windows.cpp:3536), pid=38676, tid=205224
#
# JRE version:  (19.0.2+7) (build )
# Java VM: Java HotSpot(TM) 64-Bit Server VM (19.0.2+7-44, mixed mode, sharing, tiered, compressed oops, compressed class ptrs, g1 gc, windows-amd64)
# No core dump will be written. Minidumps are not enabled by default on client versions of Windows
#

---------------  S U M M A R Y ------------

Command Line: -Dfile.encoding=UTF-8 -Dstdout.encoding=UTF-8 -Dstderr.encoding=UTF-8 -XX:+ShowCodeDetailsInExceptionMessages View.View2

Host: AMD Ryzen 7 5700U with Radeon Graphics         , 16 cores, 15G,  Windows 11 , 64 bit Build 22621 (10.0.22621.2506)
Time: Mon Jan  8 00:27:16 2024 Paris, Madrid elapsed time: 0.034722 seconds (0d 0h 0m 0s)

---------------  T H R E A D  ---------------

Current thread (0x000001e2b3ebde90):  JavaThread "Unknown thread" [_thread_in_vm, id=205224, stack(0x000000b728600000,0x000000b728700000)]

Stack: [0x000000b728600000,0x000000b728700000]
Native frames: (J=compiled Java code, j=interpreted, Vv=VM code, C=native code)
V  [jvm.dll+0x6ee21a]
V  [jvm.dll+0x85765e]
V  [jvm.dll+0x85904e]
V  [jvm.dll+0x859703]
V  [jvm.dll+0x28298f]
V  [jvm.dll+0x6eb009]
V  [jvm.dll+0x6dfbaa]
V  [jvm.dll+0x3573f6]
V  [jvm.dll+0x35ee56]
V  [jvm.dll+0x3b541e]
V  [jvm.dll+0x3b564f]
V  [jvm.dll+0x32c9ea]
V  [jvm.dll+0x32d89e]
V  [jvm.dll+0x821780]
V  [jvm.dll+0x3c2661]
V  [jvm.dll+0x801f51]
V  [jvm.dll+0x44ae8f]
V  [jvm.dll+0x44c811]
C  [jli.dll+0x5287]
C  [ucrtbase.dll+0x29363]
C  [KERNEL32.DLL+0x1257d]
C  [ntdll.dll+0x5aa58]


---------------  P R O C E S S  ---------------

Threads class SMR info:
_java_thread_list=0x00007ff876b2d048, length=0, elements={
}

Java Threads: ( => current thread )

Other Threads:
  0x000001e2b3f2c9a0 WorkerThread "GC Thread#0" [stack: 0x000000b728700000,0x000000b728800000] [id=132616]
  0x000001e2b3f59b10 ConcurrentGCThread "G1 Main Marker" [stack: 0x000000b728800000,0x000000b728900000] [id=6812]
  0x000001e2b3f5c450 WorkerThread "G1 Conc#0" [stack: 0x000000b728900000,0x000000b728a00000] [id=117724]

[error occurred during error reporting (printing all threads), id 0xc0000005, EXCEPTION_ACCESS_VIOLATION (0xc0000005) at pc=0x00007ff8762ed427]

VM state: not at safepoint (not fully initialized)

VM Mutex/Monitor currently owned by a thread:  ([mutex/lock_event])
[0x000001e2b3eba590] Heap_lock - owner thread: 0x000001e2b3ebde90

Heap address: 0x000000070ac00000, size: 3924 MB, Compressed Oops mode: Zero based, Oop shift amount: 3

CDS archive(s) mapped at: [0x0000000000000000-0x0000000000000000-0x0000000000000000), size 0, SharedBaseAddress: 0x0000000800000000, ArchiveRelocationMode: 0.
Narrow klass base: 0x0000000000000000, Narrow klass shift: 0, Narrow klass range: 0x0

GC Precious Log:
 CardTable entry size: 512
 Card Set container configuration: InlinePtr #cards 4 size 8 Array Of Cards #cards 16 size 48 Howl #buckets 8 coarsen threshold 3686 Howl Bitmap #cards 512 size 80 coarsen threshold 460 Card regions per heap region 1 cards per card region 4096

Heap:
 garbage-first heap   total 0K, used 0K [0x000000070ac00000, 0x0000000800000000)
  region size 2048K, 0 young (0K), 0 survivors (0K)

[error occurred during error reporting (printing heap information), id 0xc0000005, EXCEPTION_ACCESS_VIOLATION (0xc0000005) at pc=0x00007ff8766f6649]

GC Heap History (0 events):
No events

Dll operation events (1 events):
Event: 0.023 Loaded shared library C:\Program Files\Java\jdk-19\bin\java.dll

Deoptimization events (0 events):
No events

Classes loaded (0 events):
No events

Classes unloaded (0 events):
No events

Classes redefined (0 events):
No events

Internal exceptions (0 events):
No events

VM Operations (0 events):
No events

Events (0 events):
No events


Dynamic libraries:
0x00007ff791bd0000 - 0x00007ff791be0000 	C:\Program Files\Java\jdk-19\bin\javaw.exe
0x00007ff8ce9f0000 - 0x00007ff8cec07000 	C:\WINDOWS\SYSTEM32\ntdll.dll
0x00007ff8a0670000 - 0x00007ff8a0689000 	C:\Program Files\Avast Software\Avast\aswhook.dll
0x00007ff8cd6f0000 - 0x00007ff8cd7b4000 	C:\WINDOWS\System32\KERNEL32.DLL
0x00007ff8cbf70000 - 0x00007ff8cc315000 	C:\WINDOWS\System32\KERNELBASE.dll
0x00007ff8cc5b0000 - 0x00007ff8cc6c1000 	C:\WINDOWS\System32\ucrtbase.dll
0x00007ff8a4c40000 - 0x00007ff8a4c5b000 	C:\Program Files\Java\jdk-19\bin\VCRUNTIME140.dll
0x00007ff890d20000 - 0x00007ff890d38000 	C:\Program Files\Java\jdk-19\bin\jli.dll
0x00007ff8cd390000 - 0x00007ff8cd441000 	C:\WINDOWS\System32\ADVAPI32.dll
0x00007ff8cce60000 - 0x00007ff8ccf07000 	C:\WINDOWS\System32\msvcrt.dll
0x00007ff8cc980000 - 0x00007ff8cca26000 	C:\WINDOWS\System32\sechost.dll
0x00007ff8cd920000 - 0x00007ff8cda37000 	C:\WINDOWS\System32\RPCRT4.dll
0x00007ff8cc7d0000 - 0x00007ff8cc97e000 	C:\WINDOWS\System32\USER32.dll
0x00007ff8cbf40000 - 0x00007ff8cbf66000 	C:\WINDOWS\System32\win32u.dll
0x00007ff8cc740000 - 0x00007ff8cc769000 	C:\WINDOWS\System32\GDI32.dll
0x00007ff8bb1b0000 - 0x00007ff8bb443000 	C:\WINDOWS\WinSxS\amd64_microsoft.windows.common-controls_6595b64144ccf1df_6.0.22621.2506_none_270c5ae97388e100\COMCTL32.dll
0x00007ff8cc490000 - 0x00007ff8cc5a9000 	C:\WINDOWS\System32\gdi32full.dll
0x00007ff8cbea0000 - 0x00007ff8cbf3a000 	C:\WINDOWS\System32\msvcp_win.dll
0x00007ff8c4bc0000 - 0x00007ff8c4bca000 	C:\WINDOWS\SYSTEM32\VERSION.dll
0x00007ff8cdf70000 - 0x00007ff8cdfa1000 	C:\WINDOWS\System32\IMM32.DLL
0x00007ff880b50000 - 0x00007ff880b5c000 	C:\Program Files\Java\jdk-19\bin\vcruntime140_1.dll
0x00007ff880ac0000 - 0x00007ff880b4e000 	C:\Program Files\Java\jdk-19\bin\msvcp140.dll
0x00007ff875fb0000 - 0x00007ff876c70000 	C:\Program Files\Java\jdk-19\bin\server\jvm.dll
0x00007ff8c4e90000 - 0x00007ff8c4ec4000 	C:\WINDOWS\SYSTEM32\WINMM.dll
0x00007ff8b4da0000 - 0x00007ff8b4da9000 	C:\WINDOWS\SYSTEM32\WSOCK32.dll
0x00007ff8cd570000 - 0x00007ff8cd5e1000 	C:\WINDOWS\System32\WS2_32.dll
0x00007ff8cad30000 - 0x00007ff8cad48000 	C:\WINDOWS\SYSTEM32\kernel.appcore.dll
0x00007ff8c7690000 - 0x00007ff8c769a000 	C:\Program Files\Java\jdk-19\bin\jimage.dll
0x00007ff8b9790000 - 0x00007ff8b99c3000 	C:\WINDOWS\SYSTEM32\DBGHELP.DLL
0x00007ff8cdbe0000 - 0x00007ff8cdf69000 	C:\WINDOWS\System32\combase.dll
0x00007ff8ce070000 - 0x00007ff8ce147000 	C:\WINDOWS\System32\OLEAUT32.dll
0x00007ff8b8bb0000 - 0x00007ff8b8be2000 	C:\WINDOWS\SYSTEM32\dbgcore.DLL
0x00007ff8cbd60000 - 0x00007ff8cbdda000 	C:\WINDOWS\System32\bcryptPrimitives.dll
0x00007ff89e020000 - 0x00007ff89e046000 	C:\Program Files\Java\jdk-19\bin\java.dll

dbghelp: loaded successfully - version: 4.0.5 - missing functions: none
symbol engine: initialized successfully - sym options: 0x614 - pdb path: .;C:\Program Files\Java\jdk-19\bin;C:\WINDOWS\SYSTEM32;C:\Program Files\Avast Software\Avast;C:\WINDOWS\WinSxS\amd64_microsoft.windows.common-controls_6595b64144ccf1df_6.0.22621.2506_none_270c5ae97388e100;C:\Program Files\Java\jdk-19\bin\server

VM Arguments:
jvm_args: -Dfile.encoding=UTF-8 -Dstdout.encoding=UTF-8 -Dstderr.encoding=UTF-8 -XX:+ShowCodeDetailsInExceptionMessages 
java_command: View.View2
java_class_path (initial): C:\Users\fredd\Documents\KarmakaFullProject\bin
Launcher Type: SUN_STANDARD

[Global flags]
     intx CICompilerCount                          = 12                                        {product} {ergonomic}
     uint ConcGCThreads                            = 3                                         {product} {ergonomic}
     uint G1ConcRefinementThreads                  = 13                                        {product} {ergonomic}
   size_t G1HeapRegionSize                         = 2097152                                   {product} {ergonomic}
    uintx GCDrainStackTargetSize                   = 64                                        {product} {ergonomic}
   size_t InitialHeapSize                          = 257949696                                 {product} {ergonomic}
   size_t MarkStackSize                            = 4194304                                   {product} {ergonomic}
   size_t MaxHeapSize                              = 4114612224                                {product} {ergonomic}
   size_t MinHeapDeltaBytes                        = 2097152                                   {product} {ergonomic}
   size_t MinHeapSize                              = 8388608                                   {product} {ergonomic}
    uintx NonNMethodCodeHeapSize                   = 7602480                                {pd product} {ergonomic}
    uintx NonProfiledCodeHeapSize                  = 122027880                              {pd product} {ergonomic}
    uintx ProfiledCodeHeapSize                     = 122027880                              {pd product} {ergonomic}
    uintx ReservedCodeCacheSize                    = 251658240                              {pd product} {ergonomic}
     bool SegmentedCodeCache                       = true                                      {product} {ergonomic}
     bool ShowCodeDetailsInExceptionMessages       = true                                   {manageable} {command line}
   size_t SoftMaxHeapSize                          = 4114612224                             {manageable} {ergonomic}
     bool UseCompressedClassPointers               = true                           {product lp64_product} {ergonomic}
     bool UseCompressedOops                        = true                           {product lp64_product} {ergonomic}
     bool UseG1GC                                  = true                                      {product} {ergonomic}
     bool UseLargePagesIndividualAllocation        = false                                  {pd product} {ergonomic}

Logging:
Log output configuration:
 #0: stdout all=warning uptime,level,tags foldmultilines=false
 #1: stderr all=off uptime,level,tags foldmultilines=false

Environment Variables:
PATH=C:/Program Files/Java/jdk-19/bin/server;C:/Program Files/Java/jdk-19/bin;C:\Program Files\Common Files\Oracle\Java\javapath;C:\WINDOWS\system32;C:\WINDOWS;C:\WINDOWS\System32\Wbem;C:\WINDOWS\System32\WindowsPowerShell\v1.0\;C:\WINDOWS\System32\OpenSSH\;C:\Program Files\doxygen\bin;C:\Program Files\MATLAB\R2022b\bin;C:\Program Files\Git\cmd;C:\Program Files\Git\mingw64\bin;C:\Program Files\Git\usr\bin;C:\Program Files\nodejs\;C:\Users\fredd\AppData\Local\Microsoft\WindowsApps;;C:\Users\fredd\AppData\Local\Programs\Microsoft VS Code\bin;C:\Users\fredd\AppData\Roaming\npm;C:\Users\fredd\OneDrive\Bureau;
USERNAME=fredd
OS=Windows_NT
PROCESSOR_IDENTIFIER=AMD64 Family 23 Model 104 Stepping 1, AuthenticAMD
TMP=C:\Users\fredd\AppData\Local\Temp
TEMP=C:\Users\fredd\AppData\Local\Temp



---------------  S Y S T E M  ---------------

OS:
 Windows 11 , 64 bit Build 22621 (10.0.22621.2506)
OS uptime: 45 days 15:08 hours
Hyper-V role detected

CPU: total 16 (initial active 16) (16 cores per cpu, 2 threads per core) family 23 model 104 stepping 1 microcode 0x0, cx8, cmov, fxsr, ht, mmx, 3dnowpref, sse, sse2, sse3, ssse3, sse4a, sse4.1, sse4.2, popcnt, lzcnt, tsc, tscinvbit, avx, avx2, aes, clmul, bmi1, bmi2, adx, sha, fma, vzeroupper, clflush, clflushopt, hv, rdtscp, rdpid

Memory: 4k page, system-wide physical 15693M (433M free)
TotalPageFile size 62797M (AvailPageFile size 20M)
current process WorkingSet (physical memory assigned to process): 11M, peak: 11M
current process commit charge ("private bytes"): 71M, peak: 317M

vm_info: Java HotSpot(TM) 64-Bit Server VM (19.0.2+7-44) for windows-amd64 JRE (19.0.2+7-44), built on 2022-11-30T18:02:09Z by "mach5one" with MS VC++ 17.1 (VS2022)

END.
